\BOOKMARK [0][-]{section*.2}{Seznam slik}{}% 1
\BOOKMARK [0][-]{section*.4}{Seznam tabel}{}% 2
\BOOKMARK [0][-]{chapter.1}{Uvod}{}% 3
\BOOKMARK [0][-]{chapter.2}{Teoreticni uvod}{}% 4
\BOOKMARK [1][-]{section.2.1}{Opis elektromagnetnega valovanja}{chapter.2}% 5
\BOOKMARK [1][-]{section.2.2}{Ravni valovi in tenzor dielektricne permitivnosti}{chapter.2}% 6
\BOOKMARK [1][-]{section.2.3}{Svetlobni snopi}{chapter.2}% 7
\BOOKMARK [2][-]{subsection.2.3.1}{Vektorski snopi svetlobe}{section.2.3}% 8
\BOOKMARK [1][-]{section.2.4}{Tekoci kristali}{chapter.2}% 9
\BOOKMARK [2][-]{subsection.2.4.1}{Nematiki}{section.2.4}% 10
\BOOKMARK [2][-]{subsection.2.4.2}{Prosta energija nematikov}{section.2.4}% 11
\BOOKMARK [2][-]{subsection.2.4.3}{\227irjenje svetlobe v nematikih}{section.2.4}% 12
\BOOKMARK [2][-]{subsection.2.4.4}{Holesteriki in modre faze}{section.2.4}% 13
\BOOKMARK [0][-]{chapter.3}{Racunska metoda}{}% 14
\BOOKMARK [1][-]{section.3.1}{Metoda koncnih diferenc v casovni domeni}{chapter.3}% 15
\BOOKMARK [2][-]{subsection.3.1.1}{Yeejev algoritem}{section.3.1}% 16
\BOOKMARK [2][-]{subsection.3.1.2}{Izvori valovanja in robni pogoji}{section.3.1}% 17
\BOOKMARK [2][-]{subsection.3.1.3}{Stabilnost}{section.3.1}% 18
\BOOKMARK [2][-]{subsection.3.1.4}{Na\235a implementacija}{section.3.1}% 19
\BOOKMARK [0][-]{chapter.4}{Rezultati}{}% 20
\BOOKMARK [1][-]{section.4.1}{Lecenje na DTC nematskem profilu}{chapter.4}% 21
\BOOKMARK [2][-]{subsection.4.1.1}{Cilindricno lecenje}{section.4.1}% 22
\BOOKMARK [1][-]{section.4.2}{Vodenje svetlobe}{chapter.4}% 23
\BOOKMARK [2][-]{subsection.4.2.1}{Vodenje svetlobe v zakrivljenem profilu}{section.4.2}% 24
\BOOKMARK [1][-]{section.4.3}{Vodenje svetlobe v modrih fazah}{chapter.4}% 25
\BOOKMARK [0][-]{chapter.5}{Zakljucek}{}% 26
\BOOKMARK [0][-]{section*.28}{Literatura}{}% 27
\BOOKMARK [0][-]{Dodatek.1.A}{Dodatek Dodatek 1}{}% 28
\BOOKMARK [1][-]{section.1.A.1}{Izracun odvodov na na\235i mre\236i}{Dodatek.1.A}% 29
